2025-03-05 01:38:19,056 - INFO - Запуск приложения b_maker
2025-03-05 01:38:25,783 - INFO - Открытие менеджера ботов
2025-03-05 01:38:25,786 - INFO - Список ботов загружен
2025-03-05 01:38:43,870 - INFO - Открытие редактора ботов
2025-03-05 01:39:00,913 - INFO - Создан бот: fff
2025-03-05 01:39:05,980 - INFO - Открытие менеджера ботов
2025-03-05 01:39:05,980 - INFO - Список ботов загружен
2025-03-05 01:39:08,915 - INFO - Запуск бота: Бот 1
2025-03-05 01:39:14,628 - INFO - Остановка бота: Бот 1
2025-03-05 01:50:46,079 - INFO - Запуск приложения b_maker
2025-03-05 01:50:47,290 - INFO - Открытие менеджера ботов
2025-03-05 01:50:47,293 - INFO - Список ботов загружен
2025-03-05 01:50:55,000 - INFO - Редактирование бота: Бот_1
2025-03-05 01:51:03,038 - INFO - Открытие редактора ботов
2025-03-05 01:51:19,957 - INFO - Создан бот: bot_a
2025-03-05 01:51:24,392 - INFO - Открытие менеджера ботов
2025-03-05 01:51:24,393 - INFO - Список ботов загружен
2025-03-05 01:51:35,830 - INFO - Открытие редактора ботов
2025-03-05 01:51:44,546 - ERROR - Ошибка обработки данных модуля клика: could not convert string to float: ''
2025-03-05 01:51:56,875 - ERROR - Ошибка обработки данных модуля клика: could not convert string to float: ''
2025-03-05 01:52:14,131 - INFO - Скрипт сгенерирован:

2025-03-05 01:52:23,922 - INFO - Открытие менеджера ботов
2025-03-05 01:52:23,923 - INFO - Список ботов загружен
2025-03-05 01:52:55,894 - INFO - Запуск приложения b_maker
2025-03-05 01:52:57,006 - INFO - Открытие менеджера ботов
2025-03-05 01:52:57,010 - INFO - Список ботов загружен
2025-03-05 01:55:09,826 - INFO - Запуск приложения b_maker
2025-03-05 01:55:11,060 - INFO - Открытие менеджера ботов
2025-03-05 01:55:11,062 - INFO - Список ботов загружен
2025-03-05 01:55:36,544 - INFO - Открытие редактора ботов
2025-03-05 01:56:42,186 - INFO - Добавлен модуль клика: Клик: (32, 23) - 23
2025-03-05 01:56:53,724 - INFO - Скрипт сгенерирован:
click(x=32, y=23, description="23", sleep=1.0)
2025-03-05 01:57:37,575 - INFO - Создан бот: sa
2025-03-05 01:58:00,278 - INFO - Скрипт сгенерирован:
click(x=32, y=23, description="23", sleep=1.0)
2025-03-05 02:01:35,597 - INFO - Редактирование бота: Бот_1
2025-03-05 02:05:57,383 - INFO - Запуск приложения b_maker
2025-03-05 02:06:59,805 - INFO - Открытие менеджера ботов
2025-03-05 02:06:59,808 - INFO - Список ботов загружен
2025-03-05 02:21:21,593 - INFO - Запуск приложения b_maker
2025-03-05 02:21:21,610 - WARNING - Файл стилей не найден: assets/styles/dark_orange.qss
2025-03-05 02:21:31,630 - INFO - Открытие менеджера ботов
2025-03-05 02:21:31,633 - INFO - Список ботов загружен
2025-03-05 02:21:39,369 - INFO - Открытие редактора ботов
2025-03-05 02:23:48,022 - INFO - Запуск приложения b_maker
2025-03-05 02:23:48,040 - WARNING - Файл стилей не найден: assets/styles/dark_orange.qss
2025-03-05 02:23:49,510 - INFO - Открытие редактора ботов
2025-03-05 02:23:52,224 - INFO - Открытие менеджера ботов
2025-03-05 02:23:52,225 - INFO - Список ботов загружен
2025-03-05 02:27:36,579 - INFO - Запуск приложения b_maker
2025-03-05 02:27:36,597 - WARNING - Файл стилей не найден: assets/styles/dark_orange.qss
2025-03-05 02:27:43,474 - INFO - Запуск приложения b_maker
2025-03-05 02:27:43,492 - WARNING - Файл стилей не найден: assets/styles/dark_orange.qss
2025-03-05 02:29:26,618 - INFO - Запуск приложения b_maker
2025-03-05 02:29:26,635 - WARNING - Файл стилей не найден: assets/styles/dark_orange.qss
2025-03-05 02:30:56,847 - INFO - Открытие менеджера ботов
2025-03-05 02:30:56,850 - INFO - Список ботов загружен
2025-03-05 02:32:03,051 - INFO - Запуск приложения b_maker
2025-03-05 02:32:03,067 - WARNING - Файл стилей не найден: assets/styles/dark_orange.qss
2025-03-05 02:32:32,766 - INFO - Запуск приложения b_maker
2025-03-05 02:32:32,782 - WARNING - Файл стилей не найден: assets/styles/dark_orange.qss
2025-03-05 02:36:25,877 - INFO - Запуск приложения b_maker
2025-03-05 02:36:25,892 - WARNING - Файл стилей не найден: assets/styles/dark_orange.qss
2025-03-05 02:41:05,493 - INFO - Запуск приложения b_maker
2025-03-05 02:41:05,509 - WARNING - Файл стилей не найден: assets/styles/dark_orange.qss
2025-03-05 02:54:40,624 - INFO - Запуск приложения b_maker
2025-03-05 02:54:40,641 - WARNING - Файл стилей не найден: assets/styles/dark_orange.qss
2025-03-05 02:55:07,308 - INFO - Запуск приложения b_maker
2025-03-05 02:55:07,324 - WARNING - Файл стилей не найден: assets/styles/dark_orange.qss
2025-03-05 02:57:43,423 - INFO - Запуск приложения b_maker
2025-03-05 02:57:43,440 - WARNING - Файл стилей не найден: assets/styles/dark_orange.qss
2025-03-05 02:57:43,440 - WARNING - Файл стилей не найден: assets/styles/dark_orange.qss
2025-03-05 03:03:12,300 - INFO - Запуск приложения b_maker
2025-03-05 03:03:12,316 - WARNING - Файл стилей не найден: assets/styles/dark_orange.qss
