2025-03-05 03:02:08,477 - INFO - Запуск приложения b_maker
2025-03-05 03:02:17,925 - INFO - Открытие менеджера ботов
2025-03-05 03:02:17,928 - INFO - Список ботов загружен
2025-03-05 03:02:44,782 - INFO - Открытие редактора ботов
2025-03-05 03:03:02,349 - INFO - Открытие менеджера ботов
2025-03-05 03:03:02,351 - INFO - Список ботов загружен
2025-03-05 03:03:17,014 - INFO - Запуск приложения b_maker
2025-03-05 03:04:20,417 - INFO - Открытие менеджера ботов
2025-03-05 03:04:20,421 - INFO - Список ботов загружен
2025-03-05 03:04:51,639 - INFO - Редактирование бота: Бот_1
2025-03-05 15:46:49,260 - INFO - Запуск приложения b_maker
2025-03-05 16:45:17,117 - INFO - Запуск приложения b_maker
2025-03-05 16:57:51,040 - INFO - Запуск приложения b_maker
2025-03-05 16:58:03,560 - INFO - Запуск приложения b_maker
2025-03-05 16:59:15,355 - INFO - Запуск приложения b_maker
2025-03-05 16:59:19,698 - INFO - Запуск приложения b_maker
2025-03-05 17:00:26,086 - INFO - Запуск приложения b_maker
2025-03-05 17:01:59,477 - INFO - Запуск приложения b_maker
2025-03-05 17:02:06,488 - INFO - Запуск приложения b_maker
2025-03-05 17:07:26,286 - INFO - Запуск приложения b_maker
2025-03-05 17:07:42,204 - INFO - Запуск приложения b_maker
2025-03-05 17:07:58,470 - INFO - Запуск приложения b_maker
2025-03-05 17:08:32,257 - INFO - Запуск приложения b_maker
2025-03-05 18:03:03,530 - INFO - Запуск приложения b_maker
2025-03-05 18:42:29,500 - INFO - Запуск приложения b_maker
2025-03-05 22:29:39,211 - INFO - Запуск приложения b_maker
2025-03-06 00:44:21,376 - INFO - Запуск приложения b_maker
2025-03-06 00:45:12,489 - INFO - Запуск приложения b_maker
2025-03-06 00:45:55,825 - INFO - Запуск приложения b_maker
2025-03-06 00:47:27,750 - INFO - Запуск приложения b_maker
2025-03-06 00:52:31,401 - INFO - Запуск приложения b_maker
2025-03-06 01:03:53,069 - INFO - Запуск приложения b_maker
2025-03-06 01:04:47,666 - INFO - Запуск приложения b_maker
2025-03-06 01:04:53,383 - INFO - Запуск приложения b_maker
2025-03-06 01:04:58,875 - INFO - Запуск приложения b_maker
2025-03-06 01:05:21,084 - INFO - Запуск приложения b_maker
2025-03-06 01:21:59,813 - INFO - Запуск приложения b_maker
2025-03-06 01:22:55,405 - INFO - Запуск приложения b_maker
2025-03-06 01:23:01,507 - INFO - Запуск приложения b_maker
2025-03-06 01:23:14,562 - INFO - Запуск приложения b_maker
2025-03-06 01:31:10,956 - INFO - Запуск приложения b_maker
2025-03-06 01:32:34,187 - INFO - Запуск приложения b_maker
2025-03-06 01:48:05,651 - INFO - Запуск приложения b_maker
2025-03-06 01:50:14,240 - INFO - Запуск приложения b_maker
2025-03-06 01:50:25,528 - INFO - Запуск приложения b_maker
2025-03-06 01:50:39,828 - INFO - Запуск приложения b_maker
2025-03-06 01:50:43,742 - INFO - Запуск приложения b_maker
2025-03-06 01:53:29,017 - INFO - Запуск приложения b_maker
2025-03-06 01:57:36,669 - INFO - Запуск приложения b_maker
2025-03-06 02:04:12,290 - INFO - Запуск приложения b_maker
2025-03-06 02:12:55,819 - INFO - Запуск приложения b_maker
2025-03-06 02:17:58,094 - INFO - Запуск приложения b_maker
2025-03-06 02:29:25,455 - INFO - Запуск приложения b_maker
2025-03-06 02:30:44,204 - INFO - Запуск приложения b_maker
2025-03-06 02:31:45,413 - INFO - Запуск приложения b_maker
2025-03-06 02:55:53,849 - INFO - Запуск приложения b_maker
2025-03-06 18:06:02,911 - INFO - Запуск приложения b_maker
2025-03-06 18:58:07,920 - INFO - Запуск приложения b_maker
2025-03-06 18:58:18,931 - INFO - Запуск приложения b_maker
2025-03-06 18:59:45,295 - INFO - Запуск приложения b_maker
2025-03-06 19:05:36,644 - INFO - Запуск приложения b_maker
2025-03-06 19:16:44,707 - INFO - Запуск приложения b_maker
2025-03-06 20:35:06,968 - INFO - Запуск приложения b_maker
2025-03-06 21:10:17,758 - INFO - Запуск приложения b_maker
2025-03-06 22:31:15,744 - INFO - Запуск приложения b_maker
2025-03-07 00:14:54,972 - INFO - Запуск приложения b_maker
2025-03-07 00:15:46,670 - INFO - Запуск приложения b_maker
2025-03-07 00:19:24,184 - INFO - Запуск приложения b_maker
2025-03-07 00:19:38,298 - INFO - Запуск приложения b_maker
2025-03-07 00:21:39,253 - INFO - Запуск приложения b_maker
2025-03-07 00:34:16,198 - INFO - Запуск приложения b_maker
2025-03-07 00:40:31,457 - INFO - Запуск приложения b_maker
2025-03-07 00:44:08,875 - INFO - Запуск приложения b_maker
2025-03-07 00:47:19,477 - INFO - Запуск приложения b_maker
2025-03-07 00:47:36,205 - INFO - Запуск приложения b_maker
2025-03-07 00:47:54,063 - INFO - Запуск приложения b_maker
2025-03-07 00:48:06,532 - INFO - Запуск приложения b_maker
2025-03-07 00:48:21,308 - INFO - Запуск приложения b_maker
2025-03-07 00:48:25,407 - INFO - Запуск приложения b_maker
2025-03-07 00:55:22,599 - INFO - Запуск приложения b_maker
2025-03-07 00:55:42,024 - INFO - Запуск приложения b_maker
2025-03-07 00:56:10,592 - INFO - Запуск приложения b_maker
2025-03-07 00:57:55,592 - INFO - Запуск приложения b_maker
2025-03-07 02:49:14,062 - INFO - Запуск приложения b_maker
2025-03-07 16:27:38,848 - INFO - Запуск приложения b_maker
2025-03-07 16:53:20,939 - INFO - Запуск приложения b_maker
2025-03-07 16:59:13,576 - INFO - Запуск приложения b_maker
2025-03-07 17:01:57,260 - INFO - Запуск приложения b_maker
2025-03-07 17:02:52,161 - INFO - Запуск приложения b_maker
2025-03-07 17:02:57,237 - INFO - Запуск приложения b_maker
2025-03-07 17:10:53,319 - INFO - Запуск приложения b_maker
2025-03-07 17:12:29,868 - INFO - Запуск приложения b_maker
2025-03-07 17:12:36,308 - INFO - Запуск приложения b_maker
2025-03-07 17:14:06,324 - INFO - Запуск приложения b_maker
2025-03-07 17:16:06,600 - INFO - Запуск приложения b_maker
2025-03-07 17:23:01,979 - INFO - Запуск приложения b_maker
2025-03-07 17:25:38,824 - INFO - Запуск приложения b_maker
2025-03-07 17:55:51,449 - INFO - Запуск приложения b_maker
2025-03-07 17:57:36,424 - INFO - Запуск приложения b_maker
2025-03-07 18:24:10,305 - INFO - Запуск приложения b_maker
2025-03-07 18:27:39,160 - INFO - Запуск приложения b_maker
2025-03-07 18:52:41,848 - INFO - Запуск приложения b_maker
2025-03-07 18:53:33,220 - INFO - Запуск приложения b_maker
2025-03-07 18:55:10,830 - INFO - Запуск приложения b_maker
2025-03-07 18:59:09,386 - INFO - Запуск приложения b_maker
2025-03-07 19:00:56,006 - INFO - Запуск приложения b_maker
2025-03-07 19:02:13,638 - INFO - Запуск приложения b_maker
2025-03-07 19:13:11,767 - INFO - Запуск приложения b_maker
2025-03-07 19:19:29,743 - INFO - Запуск приложения b_maker
2025-03-07 20:03:00,679 - INFO - Запуск приложения b_maker
2025-03-07 22:37:42,055 - INFO - Запуск приложения b_maker
2025-03-07 22:38:56,856 - INFO - Запуск приложения b_maker
2025-03-07 22:39:15,860 - INFO - Запуск приложения b_maker
2025-03-07 22:49:02,770 - INFO - Запуск приложения b_maker
2025-03-07 22:52:20,042 - INFO - Запуск приложения b_maker
2025-03-07 22:53:23,157 - INFO - Запуск приложения b_maker
2025-03-07 23:28:14,368 - INFO - Запуск приложения BOT Maker v0.1.0
2025-03-07 23:28:14,385 - INFO - Загрузка стиля: assets\styles\dark_orange.qss
2025-03-07 23:31:55,369 - INFO - Запуск приложения BOT Maker v0.1.0
2025-03-07 23:31:55,385 - INFO - Загрузка стиля: assets\styles\dark_orange.qss
2025-03-07 23:40:44,720 - INFO - Запуск приложения BOT Maker v0.1.0
2025-03-07 23:40:44,736 - INFO - Загрузка стиля: assets\styles\dark_orange.qss
2025-03-08 00:00:33,615 - INFO - Запуск приложения BOT Maker v0.1.0
2025-03-08 00:00:33,632 - INFO - Загрузка стиля: assets\styles\dark_orange.qss
2025-03-08 00:01:44,465 - INFO - Запуск приложения BOT Maker v0.1.0
2025-03-08 00:01:44,482 - INFO - Загрузка стиля: assets\styles\dark_orange.qss
2025-03-08 00:30:44,441 - INFO - Запуск приложения BOT Maker v0.1.0
2025-03-08 00:30:44,458 - INFO - Загрузка стиля: assets\styles\dark_orange.qss
2025-03-08 00:31:37,690 - INFO - Запуск приложения BOT Maker v0.1.0
2025-03-08 00:31:37,706 - INFO - Загрузка стиля: assets\styles\dark_orange.qss
2025-03-08 00:43:50,237 - INFO - Запуск приложения BOT Maker v0.1.0
2025-03-08 00:43:50,254 - INFO - Загрузка стиля: assets\styles\dark_orange.qss
2025-03-08 00:46:14,629 - INFO - Запуск приложения BOT Maker v0.1.0
2025-03-08 00:46:14,646 - INFO - Загрузка стиля: assets\styles\dark_orange.qss
2025-03-08 00:47:47,400 - INFO - Запуск приложения BOT Maker v0.1.0
2025-03-08 00:47:47,417 - INFO - Загрузка стиля: assets\styles\dark_orange.qss
2025-03-08 00:50:48,616 - INFO - Запуск приложения BOT Maker v0.1.0
2025-03-08 00:50:48,633 - INFO - Загрузка стиля: assets\styles\dark_orange.qss
2025-03-08 00:51:29,794 - INFO - Запуск приложения BOT Maker v0.1.0
2025-03-08 00:51:29,810 - INFO - Загрузка стиля: assets\styles\dark_orange.qss
2025-03-08 00:52:13,127 - INFO - Запуск приложения BOT Maker v0.1.0
2025-03-08 00:52:13,144 - INFO - Загрузка стиля: assets\styles\dark_orange.qss
2025-03-08 00:53:09,425 - INFO - Запуск приложения BOT Maker v0.1.0
2025-03-08 00:53:09,441 - INFO - Загрузка стиля: assets\styles\dark_orange.qss
2025-03-08 00:53:42,956 - INFO - Запуск приложения BOT Maker v0.1.0
2025-03-08 00:53:42,972 - INFO - Загрузка стиля: assets\styles\dark_orange.qss
2025-03-08 00:54:38,754 - INFO - Запуск приложения BOT Maker v0.1.0
2025-03-08 00:54:38,771 - INFO - Загрузка стиля: assets\styles\dark_orange.qss
2025-03-08 00:56:47,959 - INFO - Запуск приложения BOT Maker v0.1.0
2025-03-08 00:56:47,974 - INFO - Загрузка стиля: assets\styles\dark_orange.qss
2025-03-08 00:58:02,043 - INFO - Запуск приложения BOT Maker v0.1.0
2025-03-08 00:58:02,162 - INFO - Загрузка стиля: assets\styles\dark_orange.qss
2025-03-08 00:58:09,797 - INFO - Запуск приложения BOT Maker v0.1.0
2025-03-08 00:58:09,813 - INFO - Загрузка стиля: assets\styles\dark_orange.qss
2025-03-08 00:59:41,555 - INFO - Запуск приложения BOT Maker v0.1.0
2025-03-08 00:59:41,571 - INFO - Загрузка стиля: assets\styles\dark_orange.qss
2025-03-08 01:03:09,335 - INFO - Запуск приложения BOT Maker v0.1.0
2025-03-08 01:03:09,351 - INFO - Загрузка стиля: assets\styles\dark_orange.qss
2025-03-08 01:03:56,405 - INFO - Запуск приложения BOT Maker v0.1.0
2025-03-08 01:03:56,423 - INFO - Загрузка стиля: assets\styles\dark_orange.qss
2025-03-08 01:04:01,154 - INFO - Запуск приложения BOT Maker v0.1.0
2025-03-08 01:04:01,170 - INFO - Загрузка стиля: assets\styles\dark_orange.qss
2025-03-08 01:04:32,200 - INFO - Запуск приложения BOT Maker v0.1.0
2025-03-08 01:04:32,220 - INFO - Загрузка стиля: assets\styles\dark_orange.qss
2025-03-08 01:06:56,952 - INFO - Запуск приложения BOT Maker v0.1.0
2025-03-08 01:06:56,969 - INFO - Загрузка стиля: assets\styles\dark_orange.qss
2025-03-08 01:06:56,971 - ERROR - Непредвиденная ошибка: 'SideBar' object has no attribute 'create_burger_button'
2025-03-08 01:07:41,917 - INFO - Запуск приложения BOT Maker v0.1.0
2025-03-08 01:07:41,933 - INFO - Загрузка стиля: assets\styles\dark_orange.qss
2025-03-08 01:08:44,543 - INFO - Запуск приложения BOT Maker v0.1.0
2025-03-08 01:08:44,562 - INFO - Загрузка стиля: assets\styles\dark_orange.qss
2025-03-08 01:08:44,568 - ERROR - Непредвиденная ошибка: 'SideBar' object has no attribute 'burger_text'
2025-03-08 01:08:52,677 - INFO - Запуск приложения BOT Maker v0.1.0
2025-03-08 01:08:52,693 - INFO - Загрузка стиля: assets\styles\dark_orange.qss
2025-03-08 01:09:18,650 - INFO - Запуск приложения BOT Maker v0.1.0
2025-03-08 01:09:18,669 - INFO - Загрузка стиля: assets\styles\dark_orange.qss
2025-03-08 01:10:01,256 - INFO - Запуск приложения BOT Maker v0.1.0
2025-03-08 01:10:01,272 - INFO - Загрузка стиля: assets\styles\dark_orange.qss
2025-03-08 01:10:31,181 - INFO - Запуск приложения BOT Maker v0.1.0
2025-03-08 01:10:31,198 - INFO - Загрузка стиля: assets\styles\dark_orange.qss
2025-03-08 01:10:42,863 - INFO - Запуск приложения BOT Maker v0.1.0
2025-03-08 01:10:42,882 - INFO - Загрузка стиля: assets\styles\dark_orange.qss
2025-03-08 01:11:03,514 - INFO - Запуск приложения BOT Maker v0.1.0
2025-03-08 01:11:03,533 - INFO - Загрузка стиля: assets\styles\dark_orange.qss
2025-03-08 01:11:30,322 - INFO - Запуск приложения BOT Maker v0.1.0
2025-03-08 01:11:30,339 - INFO - Загрузка стиля: assets\styles\dark_orange.qss
2025-03-08 01:11:46,306 - INFO - Запуск приложения BOT Maker v0.1.0
2025-03-08 01:11:46,326 - INFO - Загрузка стиля: assets\styles\dark_orange.qss
2025-03-08 01:11:52,502 - INFO - Запуск приложения BOT Maker v0.1.0
2025-03-08 01:11:52,519 - INFO - Загрузка стиля: assets\styles\dark_orange.qss
2025-03-08 01:11:59,510 - INFO - Запуск приложения BOT Maker v0.1.0
2025-03-08 01:11:59,528 - INFO - Загрузка стиля: assets\styles\dark_orange.qss
2025-03-08 01:12:46,149 - INFO - Запуск приложения BOT Maker v0.1.0
2025-03-08 01:12:46,166 - INFO - Загрузка стиля: assets\styles\dark_orange.qss
2025-03-08 01:21:19,493 - INFO - Запуск приложения BOT Maker v0.1.0
2025-03-08 01:21:19,510 - INFO - Загрузка стиля: assets\styles\dark_orange.qss
2025-03-08 19:52:32,440 - INFO - Запуск приложения BOT Maker v0.1.0
2025-03-08 19:52:32,583 - INFO - Загрузка стиля: assets\styles\dark_orange.qss
2025-03-08 20:30:57,743 - INFO - Запуск приложения BOT Maker v0.1.0
2025-03-08 20:30:57,760 - INFO - Загрузка стиля: assets\styles\dark_orange.qss
2025-03-08 20:31:52,432 - INFO - Запуск приложения BOT Maker v0.1.0
2025-03-08 20:31:52,447 - INFO - Загрузка стиля: assets\styles\dark_orange.qss
2025-03-08 20:56:02,245 - INFO - Запуск приложения BOT Maker v0.1.0
2025-03-08 20:56:02,259 - INFO - Загрузка стиля: assets\styles\dark_orange.qss
2025-03-08 20:58:38,438 - INFO - Запуск приложения BOT Maker v0.1.0
2025-03-08 20:58:38,452 - INFO - Загрузка стиля: assets\styles\dark_orange.qss
2025-03-08 20:58:55,888 - INFO - Запуск приложения BOT Maker v0.1.0
2025-03-08 20:58:55,903 - INFO - Загрузка стиля: assets\styles\dark_orange.qss
2025-03-08 21:00:40,106 - INFO - Запуск приложения BOT Maker v0.1.0
2025-03-08 21:00:40,120 - INFO - Загрузка стиля: assets\styles\dark_orange.qss
2025-03-08 21:02:25,075 - INFO - Запуск приложения BOT Maker v0.1.0
2025-03-08 21:02:25,089 - INFO - Загрузка стиля: assets\styles\dark_orange.qss
2025-03-08 21:04:47,170 - INFO - Запуск приложения BOT Maker v0.1.0
2025-03-08 21:04:47,185 - INFO - Загрузка стиля: assets\styles\dark_orange.qss
2025-03-08 21:08:48,813 - INFO - Запуск приложения BOT Maker v0.1.0
2025-03-08 21:08:48,827 - INFO - Загрузка стиля: assets\styles\dark_orange.qss
2025-03-08 21:09:23,168 - INFO - Запуск приложения BOT Maker v0.1.0
2025-03-08 21:09:23,183 - INFO - Загрузка стиля: assets\styles\dark_orange.qss
2025-03-08 22:21:07,626 - INFO - Запуск приложения BOT Maker v0.1.0
2025-03-08 22:21:07,640 - INFO - Загрузка стиля: assets\styles\dark_orange.qss
2025-03-08 22:48:28,851 - INFO - Запуск приложения BOT Maker v0.1.0
2025-03-08 22:48:28,866 - INFO - Загрузка стиля: assets\styles\dark_orange.qss
2025-03-09 00:32:27,466 - INFO - Запуск приложения BOT Maker v0.1.0
2025-03-09 00:32:27,571 - INFO - Загрузка стиля: assets\styles\dark_orange.qss
2025-03-09 01:30:23,612 - INFO - Запуск приложения BOT Maker v0.1.0
2025-03-09 01:30:23,628 - INFO - Загрузка стиля: assets\styles\dark_orange.qss
2025-03-09 01:36:10,346 - INFO - Запуск приложения BOT Maker v0.1.0
2025-03-09 01:36:10,362 - INFO - Загрузка стиля: assets\styles\dark_orange.qss
2025-03-09 01:43:34,463 - INFO - Запуск приложения BOT Maker v0.1.0
2025-03-09 01:43:34,479 - INFO - Загрузка стиля: assets\styles\dark_orange.qss
2025-03-09 01:46:48,885 - INFO - Запуск приложения BOT Maker v0.1.0
2025-03-09 01:46:48,901 - INFO - Загрузка стиля: assets\styles\dark_orange.qss
2025-03-09 01:50:38,278 - INFO - Запуск приложения BOT Maker v0.1.0
2025-03-09 01:50:38,294 - INFO - Загрузка стиля: assets\styles\dark_orange.qss
2025-03-09 01:52:52,892 - INFO - Запуск приложения BOT Maker v0.1.0
2025-03-09 01:52:52,908 - INFO - Загрузка стиля: assets\styles\dark_orange.qss
2025-03-09 01:52:55,169 - ERROR - Непойманное исключение:
Traceback (most recent call last):
  File "E:\PyProjectsNew\bot_maker\b_maker\src\gui\create_bot_page.py", line 516, in add_swipe_module
    dialog = SwipeModuleDialog(self)
  File "E:\PyProjectsNew\bot_maker\b_maker\src\gui\dialog_modules.py", line 130, in __init__
    self.setup_ui()
    ~~~~~~~~~~~~~^^
  File "E:\PyProjectsNew\bot_maker\b_maker\src\gui\dialog_modules.py", line 148, in setup_ui
    self.x_input.setButtonSymbols(QSpinBox.ButtonSymbols.NoButtons)
    ^^^^^^^^^^^^
AttributeError: 'SwipeModuleDialog' object has no attribute 'x_input'

2025-03-09 01:53:06,314 - ERROR - Непойманное исключение:
Traceback (most recent call last):
  File "E:\PyProjectsNew\bot_maker\b_maker\src\gui\create_bot_page.py", line 516, in add_swipe_module
    dialog = SwipeModuleDialog(self)
  File "E:\PyProjectsNew\bot_maker\b_maker\src\gui\dialog_modules.py", line 130, in __init__
    self.setup_ui()
    ~~~~~~~~~~~~~^^
  File "E:\PyProjectsNew\bot_maker\b_maker\src\gui\dialog_modules.py", line 148, in setup_ui
    self.x_input.setButtonSymbols(QSpinBox.ButtonSymbols.NoButtons)
    ^^^^^^^^^^^^
AttributeError: 'SwipeModuleDialog' object has no attribute 'x_input'

2025-03-09 01:54:36,945 - INFO - Запуск приложения BOT Maker v0.1.0
2025-03-09 01:54:36,964 - INFO - Загрузка стиля: assets\styles\dark_orange.qss
2025-03-09 01:57:23,290 - INFO - Запуск приложения BOT Maker v0.1.0
2025-03-09 01:57:23,307 - INFO - Загрузка стиля: assets\styles\dark_orange.qss
2025-03-09 01:58:27,554 - INFO - Запуск приложения BOT Maker v0.1.0
2025-03-09 01:58:27,569 - INFO - Загрузка стиля: assets\styles\dark_orange.qss
2025-03-09 02:00:51,326 - INFO - Запуск приложения BOT Maker v0.1.0
2025-03-09 02:00:51,342 - INFO - Загрузка стиля: assets\styles\dark_orange.qss
2025-03-09 02:08:58,811 - INFO - Запуск приложения BOT Maker v0.1.0
2025-03-09 02:08:58,827 - INFO - Загрузка стиля: assets\styles\dark_orange.qss
2025-03-09 02:10:07,330 - INFO - Запуск приложения BOT Maker v0.1.0
2025-03-09 02:10:07,348 - INFO - Загрузка стиля: assets\styles\dark_orange.qss
2025-03-09 02:12:26,366 - INFO - Запуск приложения BOT Maker v0.1.0
2025-03-09 02:12:26,382 - INFO - Загрузка стиля: assets\styles\dark_orange.qss
2025-03-09 02:12:28,510 - ERROR - Непойманное исключение:
Traceback (most recent call last):
  File "E:\PyProjectsNew\bot_maker\b_maker\src\gui\create_bot_page.py", line 375, in add_activity_module
    dialog = ActivityModuleDialog(self)
             ^^^^^^^^^^^^^^^^^^^^
NameError: name 'ActivityModuleDialog' is not defined. Did you mean: 'ClickModuleDialog'?

2025-03-09 02:13:41,379 - INFO - Запуск приложения BOT Maker v0.1.0
2025-03-09 02:13:41,394 - INFO - Загрузка стиля: assets\styles\dark_orange.qss
2025-03-09 02:14:24,275 - INFO - Запуск приложения BOT Maker v0.1.0
2025-03-09 02:14:24,291 - INFO - Загрузка стиля: assets\styles\dark_orange.qss
2025-03-09 02:16:31,939 - INFO - Запуск приложения BOT Maker v0.1.0
2025-03-09 02:16:31,954 - INFO - Загрузка стиля: assets\styles\dark_orange.qss
2025-03-09 02:28:14,830 - INFO - Запуск приложения BOT Maker v0.1.0
2025-03-09 02:28:14,846 - INFO - Загрузка стиля: assets\styles\dark_orange.qss
2025-03-09 02:30:04,123 - INFO - Запуск приложения BOT Maker v0.1.0
2025-03-09 02:30:04,138 - INFO - Загрузка стиля: assets\styles\dark_orange.qss
2025-03-09 02:30:26,770 - INFO - Запуск приложения BOT Maker v0.1.0
2025-03-09 02:30:26,785 - INFO - Загрузка стиля: assets\styles\dark_orange.qss
2025-03-09 02:30:55,575 - INFO - Запуск приложения BOT Maker v0.1.0
2025-03-09 02:30:55,591 - INFO - Загрузка стиля: assets\styles\dark_orange.qss
2025-03-09 02:36:34,700 - INFO - Запуск приложения BOT Maker v0.1.0
2025-03-09 02:36:34,715 - INFO - Загрузка стиля: assets\styles\dark_orange.qss
2025-03-09 02:38:28,231 - INFO - Запуск приложения BOT Maker v0.1.0
2025-03-09 02:38:28,247 - INFO - Загрузка стиля: assets\styles\dark_orange.qss
2025-03-09 02:40:29,744 - INFO - Запуск приложения BOT Maker v0.1.0
2025-03-09 02:40:29,760 - INFO - Загрузка стиля: assets\styles\dark_orange.qss
2025-03-09 02:40:44,938 - INFO - Запуск приложения BOT Maker v0.1.0
2025-03-09 02:40:44,954 - INFO - Загрузка стиля: assets\styles\dark_orange.qss
2025-03-09 02:41:14,513 - INFO - Запуск приложения BOT Maker v0.1.0
2025-03-09 02:41:14,532 - INFO - Загрузка стиля: assets\styles\dark_orange.qss
2025-03-09 02:41:35,952 - INFO - Запуск приложения BOT Maker v0.1.0
2025-03-09 02:41:35,968 - INFO - Загрузка стиля: assets\styles\dark_orange.qss
2025-03-09 02:43:34,213 - INFO - Запуск приложения BOT Maker v0.1.0
2025-03-09 02:43:34,230 - INFO - Загрузка стиля: assets\styles\dark_orange.qss
2025-03-09 02:45:58,570 - INFO - Запуск приложения BOT Maker v0.1.0
2025-03-09 02:45:58,586 - INFO - Загрузка стиля: assets\styles\dark_orange.qss
2025-03-09 02:50:25,105 - INFO - Запуск приложения BOT Maker v0.1.0
2025-03-09 02:50:25,120 - INFO - Загрузка стиля: assets\styles\dark_orange.qss
2025-03-09 02:52:00,272 - INFO - Запуск приложения BOT Maker v0.1.0
2025-03-09 02:52:00,288 - INFO - Загрузка стиля: assets\styles\dark_orange.qss
